<?xml version="1.0" encoding="UTF-8"?>
<!-- Generated by org.testng.reporters.JUnitXMLReporter -->
<testsuite ignored="0" hostname="IBM-PF35YJF9" failures="0" tests="4" name="Test" time="70.666" errors="0" timestamp="2022-12-09T11:54:13 IST">
  <testcase classname="ddtExample.NOPCommApp" name="verifyLoginFeatureWithInValid" time="10.479"/>
  <testcase classname="ddtExample.NOPCommApp" name="verifyLoginFeatureWithInValid" time="10.483"/>
  <testcase classname="ddtExample.NOPCommApp" name="verifyLoginFeatureWithInValid" time="10.494"/>
  <testcase classname="ddtExample.NOPCommApp" name="verifyLoginFeatureWithInValid" time="10.4"/>
</testsuite> <!-- Test -->
