<?xml version="1.0" encoding="UTF-8"?>
<testng-results ignored="0" total="1" passed="1" failed="0" skipped="0">
  <reporter-output>
  </reporter-output>
  <suite started-at="2022-12-08T14:01:35 IST" name="Default suite" finished-at="2022-12-08T14:02:21 IST" duration-ms="46222">
    <groups>
    </groups>
    <test started-at="2022-12-08T14:01:35 IST" name="Default test" finished-at="2022-12-08T14:02:21 IST" duration-ms="46222">
      <class name="excelFileExample.RegisterStudentExcelTest">
        <test-method signature="RegistrationDataDrivernTest()[pri:0, instance:excelFileExample.RegisterStudentExcelTest@52719fb6]" started-at="2022-12-08T14:01:35 IST" name="RegistrationDataDrivernTest" finished-at="2022-12-08T14:02:21 IST" duration-ms="46192" status="PASS">
          <reporter-output>
          </reporter-output>
        </test-method> <!-- RegistrationDataDrivernTest -->
      </class> <!-- excelFileExample.RegisterStudentExcelTest -->
    </test> <!-- Default test -->
  </suite> <!-- Default suite -->
</testng-results>
